ERROR: 2019/10/15 21:25:16 log.go:60: Start up Error log
ERROR: 2019/10/15 21:25:16 storage.go:183: Open file error: /home/hby/huangby/gowork/src/github.com/shanzhulizhi/agenda/data/curuser.txt
ERROR: 2019/10/15 21:25:16 storage.go:31: readFromFile fail:  open /home/hby/huangby/gowork/src/github.com/shanzhulizhi/agenda/data/curuser.txt: no such file or directory
ERROR: 2019/10/15 21:25:19 log.go:60: Start up Error log
ERROR: 2019/10/15 21:25:19 storage.go:183: Open file error: /home/hby/huangby/gowork/src/github.com/shanzhulizhi/agenda/data/curuser.txt
ERROR: 2019/10/15 21:25:19 storage.go:31: readFromFile fail:  open /home/hby/huangby/gowork/src/github.com/shanzhulizhi/agenda/data/curuser.txt: no such file or directory
ERROR: 2019/10/15 21:26:29 log.go:60: Start up Error log
ERROR: 2019/10/15 21:28:18 log.go:60: Start up Error log
ERROR: 2019/10/15 21:31:54 log.go:60: Start up Error log
ERROR: 2019/10/15 21:32:27 log.go:60: Start up Error log
ERROR: 2019/10/15 21:32:39 log.go:60: Start up Error log
ERROR: 2019/10/15 21:59:01 log.go:60: Start up Error log
ERROR: 2019/10/15 21:59:14 log.go:60: Start up Error log
ERROR: 2019/10/15 21:59:36 log.go:60: Start up Error log
ERROR: 2019/10/15 22:00:45 log.go:60: Start up Error log
ERROR: 2019/10/15 22:09:41 log.go:60: Start up Error log
ERROR: 2019/10/15 22:10:33 log.go:60: Start up Error log
ERROR: 2019/10/15 22:47:27 log.go:60: Start up Error log
ERROR: 2019/10/15 22:51:58 log.go:60: Start up Error log
ERROR: 2019/10/15 22:52:05 log.go:60: Start up Error log
ERROR: 2019/10/15 22:53:40 log.go:60: Start up Error log
ERROR: 2019/10/15 22:54:31 log.go:60: Start up Error log
ERROR: 2019/10/15 22:54:44 log.go:60: Start up Error log
ERROR: 2019/10/15 22:55:10 log.go:60: Start up Error log
ERROR: 2019/10/15 22:55:19 log.go:60: Start up Error log
ERROR: 2019/10/15 22:58:06 log.go:60: Start up Error log
ERROR: 2019/10/15 22:58:06 agendaservice.go:30: User Register: username already exists
ERROR: 2019/10/15 22:58:24 log.go:60: Start up Error log
ERROR: 2019/10/15 22:58:24 agendaservice.go:49: Login: User not exist
ERROR: 2019/10/15 22:58:29 log.go:60: Start up Error log
ERROR: 2019/10/15 22:58:29 agendaservice.go:49: Login: User not exist
ERROR: 2019/10/15 22:58:33 log.go:60: Start up Error log
ERROR: 2019/10/15 23:11:10 log.go:60: Start up Error log
ERROR: 2019/10/15 23:11:18 log.go:60: Start up Error log
ERROR: 2019/10/15 23:11:21 log.go:60: Start up Error log
ERROR: 2019/10/15 23:11:25 log.go:60: Start up Error log
ERROR: 2019/10/16 15:08:21 log.go:60: Start up Error log
ERROR: 2019/10/16 15:08:42 log.go:60: Start up Error log
ERROR: 2019/10/16 15:08:47 log.go:60: Start up Error log
ERROR: 2019/10/16 15:08:47 agendaservice.go:30: User Register: username already exists
ERROR: 2019/10/16 15:09:50 log.go:60: Start up Error log
ERROR: 2019/10/16 15:09:58 log.go:60: Start up Error log
ERROR: 2019/10/16 15:10:16 log.go:60: Start up Error log
ERROR: 2019/10/16 15:10:16 agendaservice.go:49: Login: User not exist
ERROR: 2019/10/16 15:10:21 log.go:60: Start up Error log
ERROR: 2019/10/16 15:10:46 log.go:60: Start up Error log
